<?xml version="1.0" encoding="UTF-8"?>
<!-- Generated by org.testng.reporters.JUnitXMLReporter -->
<testsuite ignored="0" hostname="DESKTOP-USK43B6" failures="0" tests="5" name="LinkofTest" time="5.922" errors="0" timestamp="2021-06-27T17:42:51 IST">
  <testcase classname="testNGAnnotation.Anno" name="test1" time="0.005"/>
  <testcase classname="testNGAnnotation.Anno" name="test2" time="0.003"/>
  <testcase classname="testNGAnnotation.TwoBrowserHandling" name="afirefox" time="5.863"/>
  <testcase classname="testNGAnnotation.TwoBrowserHandling" name="fbc" time="0.003"/>
  <testcase classname="testNGAnnotation.TwoBrowserHandling" name="def" time="0.001"/>
</testsuite> <!-- LinkofTest -->
