<?xml version="1.0" encoding="UTF-8"?>
<!-- Generated by org.testng.reporters.JUnitXMLReporter -->
<testsuite ignored="0" hostname="DESKTOP-USK43B6" failures="0" tests="3" name="Test" time="0.045" errors="0" timestamp="2021-07-07T21:54:53 IST">
  <testcase classname="testNGAnnotation.Class_Level_Execution" name="test2" time="0.007"/>
  <testcase classname="testNGAnnotation.Class_Level_Execution" name="test3" time="0.001"/>
  <testcase classname="testNGAnnotation.Class_Level_Execution" name="test4" time="0.001"/>
</testsuite> <!-- Test -->
