<?xml version="1.0" encoding="UTF-8"?>
<!-- Generated by org.testng.reporters.JUnitXMLReporter -->
<testsuite ignored="1" hostname="DESKTOP-USK43B6" failures="0" tests="3" name="Test1" time="0.059" errors="0" timestamp="2021-06-27T17:42:05 IST">
  <testcase classname="testNGAnnotation.Group" name="test1" time="0.009"/>
  <testcase classname="testNGAnnotation.Group" name="test2" time="0.002"/>
  <testcase classname="testNGAnnotation.Group" name="test4" time="0.001"/>
  <testcase classname="testNGAnnotation.Group" name="test3" time="0.0">
    <ignored/>
  </testcase> <!-- test3 -->
</testsuite> <!-- Test1 -->
